<?xml version="1.0" encoding="UTF-8"?>
<testng-results ignored="0" total="1" passed="1" failed="0" skipped="0">
  <reporter-output>
  </reporter-output>
  <suite started-at="2023-02-14T11:32:25 IST" name="Default suite" finished-at="2023-02-14T11:32:29 IST" duration-ms="4194">
    <groups>
    </groups>
    <test started-at="2023-02-14T11:32:25 IST" name="Default test" finished-at="2023-02-14T11:32:29 IST" duration-ms="4194">
      <class name="Udemy_Tests.udemy_LoginTest">
        <test-method is-config="true" signature="SetUp()[pri:0, instance:Udemy_Tests.udemy_LoginTest@5ba3f27a]" started-at="2023-02-14T11:32:25 IST" name="SetUp" finished-at="2023-02-14T11:32:27 IST" duration-ms="2218" status="PASS">
          <reporter-output>
          </reporter-output>
        </test-method> <!-- SetUp -->
        <test-method signature="Login_page()[pri:0, instance:Udemy_Tests.udemy_LoginTest@5ba3f27a]" started-at="2023-02-14T11:32:27 IST" name="Login_page" finished-at="2023-02-14T11:32:29 IST" duration-ms="1938" status="PASS">
          <reporter-output>
          </reporter-output>
        </test-method> <!-- Login_page -->
      </class> <!-- Udemy_Tests.udemy_LoginTest -->
    </test> <!-- Default test -->
  </suite> <!-- Default suite -->
</testng-results>
